1701694726021	geckodriver	INFO	Listening on 127.0.0.1:63949
1701694726525	mozrunner::runner	INFO	Running command: "C:\\Users\\NTHERE\\.cache\\selenium\\firefox\\win64\\120.0.1\\firefox.exe" "--marionette" "--remote-debuggi ... " "--remote-allow-hosts" "localhost" "-no-remote" "-profile" "C:\\Users\\NTHERE\\AppData\\Local\\Temp\\rust_mozprofilePZhLPs"
console.warn: services.settings: Ignoring preference override of remote settings server
console.warn: services.settings: Allow by setting MOZ_REMOTE_SETTINGS_DEVTOOLS=1 in the environment
1701694727277	Marionette	INFO	Marionette enabled
Dynamically enable window occlusion 0
1701694727428	Marionette	INFO	Listening on port 63959
WebDriver BiDi listening on ws://127.0.0.1:63950
Read port: 63959
1701694727555	RemoteAgent	WARN	TLS certificate errors will be ignored for this session
console.error: (new Error("Unexpected content-type \"text/html\"", "resource://services-settings/Utils.sys.mjs", 399))
console.error: services.settings: 
  main/fingerprinting-protection-overrides Signature failed  [Exception... "Failure"  nsresult: "0x80004005 (NS_ERROR_FAILURE)"  location: "<unknown>"  data: no]
console.error: ({})
DevTools listening on ws://127.0.0.1:63950/devtools/browser/ee2c4624-a62d-486e-851e-2b7fa45f5d79
1701694757462	addons.xpi	ERROR	System addon update list error SyntaxError: XMLHttpRequest.open: 'http://%(server)s/dummy-system-addons.xml' is not a valid URL.
1701695875924	Marionette	INFO	Stopped listening on port 63959
Dynamically enable window occlusion 1
JavaScript error: resource://gre/modules/AsyncShutdown.sys.mjs, line 573: AbortError: Actor 'Conduits' destroyed before query 'RunListener' was resolved
!!! error running onStopped callback: TypeError: callback is not a function
