1701694805185	geckodriver	INFO	Listening on 127.0.0.1:64162
1701694805654	mozrunner::runner	INFO	Running command: "C:\\Users\\NTHERE\\.cache\\selenium\\firefox\\win64\\120.0.1\\firefox.exe" "--marionette" "--remote-debuggi ... " "--remote-allow-hosts" "localhost" "-no-remote" "-profile" "C:\\Users\\NTHERE\\AppData\\Local\\Temp\\rust_mozprofile32YYD8"
console.warn: services.settings: Ignoring preference override of remote settings server
console.warn: services.settings: Allow by setting MOZ_REMOTE_SETTINGS_DEVTOOLS=1 in the environment
1701694806523	Marionette	INFO	Marionette enabled
Dynamically enable window occlusion 0
1701694806676	Marionette	INFO	Listening on port 64170
Read port: 64170
WebDriver BiDi listening on ws://127.0.0.1:64163
1701694806796	RemoteAgent	WARN	TLS certificate errors will be ignored for this session
DevTools listening on ws://127.0.0.1:64163/devtools/browser/0e6e921b-6468-4067-9930-746e3b9298ae
1701694809859	Marionette	WARN	Ignoring event 'DOMContentLoaded' because document has an invalid readyState of 'complete'.
1701694836614	addons.xpi	ERROR	System addon update list error SyntaxError: XMLHttpRequest.open: 'http://%(server)s/dummy-system-addons.xml' is not a valid URL.
console.error: services.settings: 
  Message: ServerContentParseError: Cannot parse server content: Error: Response from server unparseable (HTTP 401; SyntaxError: JSON.parse: unexpected character at line 1 column 1 of the JSON data): <!-- IE friendly error message walkround.        
     if error message from server is less than   
     512 bytes IE v5+ will use its own error     
     message instead of the one returned by      
     server.                                 --> 
                                                 
                                                 
                                                 
                                                 
                                                 
                                                 
<!DOCTYPE html>
<html lang="en">
    <head>
        <meta charset="UTF-8">
        <meta http-equiv="X-UA-Compatible" content="IE=8; IE=EDGE">
        <meta name="viewport" content="width=device-width, initial-scale=1">
        <style type="text/css">
            body {
                height: 100%;
                font-family: Helvetica, Arial, sans-serif;
                color: #6a6a6a;
                margin: 0;
                display: flex;
                align-items: center;
                justify-content: center;
            }
            input[type=date], input[type=email], input[type=number], input[type=password], input[type=search], input[type=tel], input[type=text], input[type=time], input[type=url], select, textarea {
                color: #262626;
                vertical-align: baseline;
                margin: .2em;
                border-style: solid;
                border-width: 1px;
                border-color: #a9a9a9;
                background-color: #fff;
                box-sizing: border-box;
                padding: 2px .5em;
                appearance: none;
                border-radius: 0;
            }
            input:focus {
                border-color: #646464;
                box-shadow: 0 0 1px 0 #a2a2a2;
                outline: 0;
            }
            button {
                padding: .5em 1em;
                border: 1px solid;
                border-radius: 3px;
                min-width: 6em;
                font-weight: 400;
                font-size: .8em;
                cursor: pointer;
            }
            button.primary {
                color: #fff;
                background-color: rgb(47, 113, 178);
                border-color: rgb(34, 103, 173);
            }
            .message-container {
                height: 500px;
                width: 600px;
                padding: 0;
                margin: 10px;
            }
            .logo {
                background: url(https://globalurl.fortinet.net:8010/XX/YY/ZZ/CI/MGPGHGPGPFGHDDPFGGHGFHBGCHEGPFBGAHAH) no-repeat left center;
                height: 267px;
                object-fit: contain;
            }
            table {
                background-color: #fff;
                border-spacing: 0;
                margin: 1em;
            }
            table > tbody > tr > td:first-of-type:not([colspan]) {
                white-space: nowrap;
                color: rgba(0,0,0,.5);
            }
            table > tbody > tr > td:first-of-type {
                vertical-align: top;
            }
            table > tbody > tr > td {
                padding: .3em .3em;
            }
            .field {
                display: table-row;
            }
            .field > :first-child {
                display: table-cell;
                width: 20%;
            }
            .field.single > :first-child {
                display: inline;
            }
            .field > :not(:first-child) {
                width: auto;
                max-width: 100%;
                display: inline-flex;
                align-items: baseline;
                virtical-align: top;
                box-sizing: border-box;
                margin: .3em;
            }
            .field > :not(:first-child) > input {
                width: 230px;
            }
            .form-footer {
                display: inline-flex;
                justify-content: flex-start;
            }
            .form-footer > * {
                margin: 1em;
            }
            .text-scrollable {
                overflow: auto;
                height: 150px;
                border: 1px solid rgb(200, 200, 200);
                padding: 5px;
                font-size: 1em;
            }
            .text-centered {
                text-align: center;
            }
            .text-container {
                margin: 1em 1.5em;
            }
            .flex-container {
                display: flex;
            }
            .flex-container.column {
                flex-direction: column;
            }
        </style>
        <title>Firewall Authentication</title>
    </head>
    <body><div class="message-container">
    <div class="logo"></div>
    <h1>Firewall Authentication</h1>
    <p>You must authenticate to use this service.</p>
</div></body>
</html>


  Stack:
    APIError@resource://services-settings/RemoteSettingsClient.sys.mjs:107:1
ServerContentParseError@resource://services-settings/RemoteSettingsClient.sys.mjs:125:5
_adjustedError@resource://services-settings/RemoteSettingsClient.sys.mjs:904:14
maybeSync@resource://services-settings/RemoteSettingsClient.sys.mjs:812:38

console.error: (new ServerContentParseError("Cannot parse server content: Error: Response from server unparseable (HTTP 401; SyntaxError: JSON.parse: unexpected character at line 1 column 1 of the JSON data): <!-- IE friendly error message walkround.        \n     if error message from server is less than   \n     512 bytes IE v5+ will use its own error     \n     message instead of the one returned by      \n     server.                                 --> \n                                                 \n                                                 \n                                                 \n                                                 \n                                                 \n                                                 \n<!DOCTYPE html>\n<html lang=\"en\">\n    <head>\n        <meta charset=\"UTF-8\">\n        <meta http-equiv=\"X-UA-Compatible\" content=\"IE=8; IE=EDGE\">\n        <meta name=\"viewport\" content=\"width=device-width, initial-scale=1\">\n        <style type=\"text/css\">\n            body {\n                height: 100%;\n                font-family: Helvetica, Arial, sans-serif;\n                color: #6a6a6a;\n                margin: 0;\n                display: flex;\n                align-items: center;\n                justify-content: center;\n            }\n            input[type=date], input[type=email], input[type=number], input[type=password], input[type=search], input[type=tel], input[type=text], input[type=time], input[type=url], select, textarea {\n                color: #262626;\n                vertical-align: baseline;\n                margin: .2em;\n                border-style: solid;\n                border-width: 1px;\n                border-color: #a9a9a9;\n                background-color: #fff;\n                box-sizing: border-box;\n                padding: 2px .5em;\n                appearance: none;\n                border-radius: 0;\n            }\n            input:focus {\n                border-color: #646464;\n                box-shadow: 0 0 1px 0 #a2a2a2;\n                outline: 0;\n            }\n            button {\n                padding: .5em 1em;\n                border: 1px solid;\n                border-radius: 3px;\n                min-width: 6em;\n                font-weight: 400;\n                font-size: .8em;\n                cursor: pointer;\n            }\n            button.primary {\n                color: #fff;\n                background-color: rgb(47, 113, 178);\n                border-color: rgb(34, 103, 173);\n            }\n            .message-container {\n                height: 500px;\n                width: 600px;\n                padding: 0;\n                margin: 10px;\n            }\n            .logo {\n                background: url(https://globalurl.fortinet.net:8010/XX/YY/ZZ/CI/MGPGHGPGPFGHDDPFGGHGFHBGCHEGPFBGAHAH) no-repeat left center;\n                height: 267px;\n                object-fit: contain;\n            }\n            table {\n                background-color: #fff;\n                border-spacing: 0;\n                margin: 1em;\n            }\n            table > tbody > tr > td:first-of-type:not([colspan]) {\n                white-space: nowrap;\n                color: rgba(0,0,0,.5);\n            }\n            table > tbody > tr > td:first-of-type {\n                vertical-align: top;\n            }\n            table > tbody > tr > td {\n                padding: .3em .3em;\n            }\n            .field {\n                display: table-row;\n            }\n            .field > :first-child {\n                display: table-cell;\n                width: 20%;\n            }\n            .field.single > :first-child {\n                display: inline;\n            }\n            .field > :not(:first-child) {\n                width: auto;\n                max-width: 100%;\n                display: inline-flex;\n                align-items: baseline;\n                virtical-align: top;\n                box-sizing: border-box;\n                margin: .3em;\n            }\n            .field > :not(:first-child) > input {\n                width: 230px;\n            }\n            .form-footer {\n                display: inline-flex;\n                justify-content: flex-start;\n            }\n            .form-footer > * {\n                margin: 1em;\n            }\n            .text-scrollable {\n                overflow: auto;\n                height: 150px;\n                border: 1px solid rgb(200, 200, 200);\n                padding: 5px;\n                font-size: 1em;\n            }\n            .text-centered {\n                text-align: center;\n            }\n            .text-container {\n                margin: 1em 1.5em;\n            }\n            .flex-container {\n                display: flex;\n            }\n            .flex-container.column {\n                flex-direction: column;\n            }\n        </style>\n        <title>Firewall Authentication</title>\n    </head>\n    <body><div class=\"message-container\">\n    <div class=\"logo\"></div>\n    <h1>Firewall Authentication</h1>\n    <p>You must authenticate to use this service.</p>\n</div></body>\n</html>\n\r\n", "resource://services-settings/RemoteSettingsClient.sys.mjs", 107))
JavaScript warning: https://www.saucedemo.com/static/js/2.9b02e67e.chunk.js, line 2: Script terminated by timeout at:
get@https://www.saucedemo.com/static/js/2.9b02e67e.chunk.js:2:118291
r/936/n/7429/value/<@https://www.saucedemo.com/static/js/2.9b02e67e.chunk.js:2:51414

1701695873358	Marionette	INFO	Stopped listening on port 64170
Dynamically enable window occlusion 1
JavaScript error: resource://gre/modules/AsyncShutdown.sys.mjs, line 573: AbortError: Actor 'Conduits' destroyed before query 'RunListener' was resolved
